Terminals unused in grammar

   err


Grammar

    0 $accept: S $end

    1 S: idf aff cst pvg S
    2  | /* empty */


Terminals, with rules where they appear

$end (0) 0
error (256)
cst (258) 1
pvg (259) 1
aff (260) 1
err (261)
idf (262) 1


Nonterminals, with rules where they appear

$accept (8)
    on left: 0
S (9)
    on left: 1 2, on right: 0 1


state 0

    0 $accept: . S $end

    idf  shift, and go to state 1

    $default  reduce using rule 2 (S)

    S  go to state 2


state 1

    1 S: idf . aff cst pvg S

    aff  shift, and go to state 3


state 2

    0 $accept: S . $end

    $end  shift, and go to state 4


state 3

    1 S: idf aff . cst pvg S

    cst  shift, and go to state 5


state 4

    0 $accept: S $end .

    $default  accept


state 5

    1 S: idf aff cst . pvg S

    pvg  shift, and go to state 6


state 6

    1 S: idf aff cst pvg . S

    idf  shift, and go to state 1

    $default  reduce using rule 2 (S)

    S  go to state 7


state 7

    1 S: idf aff cst pvg S .

    $default  reduce using rule 1 (S)
